<?xml version="1.0" encoding="UTF-8"?>
<testsuite xmlns:xsi="http://www.w3.org/2001/XMLSchema-instance" xsi:schemaLocation="https://maven.apache.org/surefire/maven-surefire-plugin/xsd/surefire-test-report.xsd" name="ActiveCookieTest" time="0.139" tests="2" errors="0" skipped="0" failures="0">
  <properties>
[...]
</properties>
  <testcase name="sampleTest{String, List}[1]" classname="ActiveCookieTest" time="0.096"/>
  <testcase name="sampleTest{String, List}[2]" classname="ActiveCookieTest" time="0.002"/>
</testsuite>